{"uuid":"55ba6911-7c3c-4a2d-803f-4aa6ed8d26a1","historyId":"c9a557f81a54bd08a507f8cd382acdcf","fullName":"Consultar informações da Proposta: Consultar Proposta","labels":[{"name":"tag","value":"consulta"},{"name":"host","value":"PTAN-261TF73"},{"name":"thread","value":"20332@PTAN-261TF73.main(1)"},{"name":"feature","value":"Consultar informações da Proposta"},{"name":"story","value":"Consultar Proposta"},{"name":"suite","value":"Consultar informações da Proposta"},{"name":"testClass","value":"Consultar Proposta"},{"name":"framework","value":"cucumber4jvm"},{"name":"language","value":"java"},{"name":"gherkin_uri","value":"file:features/consultaProposta.feature"},{"name":"package","value":"features.consultaProposta_feature.Consultar informações da Proposta"}],"links":[],"name":"Consultar Proposta","status":"failed","statusDetails":{"known":false,"muted":false,"flaky":false,"message":"expected:<400> but was:<200>","trace":"java.lang.AssertionError: expected:<400> but was:<200>\r\n\tat org.junit.Assert.fail(Assert.java:89)\r\n\tat org.junit.Assert.failNotEquals(Assert.java:835)\r\n\tat org.junit.Assert.assertEquals(Assert.java:647)\r\n\tat org.junit.Assert.assertEquals(Assert.java:633)\r\n\tat gherkin.stepdefinition.StepdefsProposta.deve_Ser_Apresentado_As_Informacoes_Da_Proposta(StepdefsProposta.java:32)\r\n\tat ✽.deve ser apresentado as informações da proposta(file:features/consultaProposta.feature:9)\r\n"},"stage":"finished","steps":[{"name":"Given  o usuário fez o login no sistema","status":"passed","statusDetails":{"known":false,"muted":false,"flaky":false},"stage":"finished","steps":[],"attachments":[],"parameters":[],"start":1636574956320,"stop":1636574958921},{"name":"And  pesquisou a proposta \"083297637\"","status":"passed","statusDetails":{"known":false,"muted":false,"flaky":false},"stage":"finished","steps":[],"attachments":[],"parameters":[],"start":1636574958921,"stop":1636574960931},{"name":"Then  deve ser apresentado as informações da proposta","status":"failed","statusDetails":{"known":false,"muted":false,"flaky":false,"message":"expected:<400> but was:<200>","trace":"java.lang.AssertionError: expected:<400> but was:<200>\r\n\tat org.junit.Assert.fail(Assert.java:89)\r\n\tat org.junit.Assert.failNotEquals(Assert.java:835)\r\n\tat org.junit.Assert.assertEquals(Assert.java:647)\r\n\tat org.junit.Assert.assertEquals(Assert.java:633)\r\n\tat gherkin.stepdefinition.StepdefsProposta.deve_Ser_Apresentado_As_Informacoes_Da_Proposta(StepdefsProposta.java:32)\r\n\tat ✽.deve ser apresentado as informações da proposta(file:features/consultaProposta.feature:9)\r\n"},"stage":"finished","steps":[],"attachments":[],"parameters":[],"start":1636574960932,"stop":1636574960934}],"attachments":[],"parameters":[{"name":"numProposta","value":"083297637"}],"start":1636574956319,"stop":1636574960941}